{"level":"debug","message":"  DB Ready","timestamp":"2016-08-07T19:20:57.696Z"}
{"level":"debug","message":"  JsonWebTokenError: jwt must be provided Unauthorized Request undefined","timestamp":"2016-08-07T19:21:21.125Z"}
{"level":"debug","message":"  JsonWebTokenError: jwt must be provided Unauthorized Request undefined","timestamp":"2016-08-07T19:21:28.226Z"}
{"level":"debug","message":"  JsonWebTokenError: jwt must be provided Unauthorized Request undefined","timestamp":"2016-08-07T19:21:28.671Z"}
{"level":"debug","message":"  JsonWebTokenError: jwt must be provided Unauthorized Request undefined","timestamp":"2016-08-07T19:21:28.924Z"}
{"level":"debug","message":"  JsonWebTokenError: jwt must be provided Unauthorized Request undefined","timestamp":"2016-08-07T19:21:29.114Z"}
{"level":"debug","message":"  JsonWebTokenError: jwt must be provided Unauthorized Request undefined","timestamp":"2016-08-07T19:21:29.294Z"}
{"level":"debug","message":"  JsonWebTokenError: jwt must be provided Unauthorized Request undefined","timestamp":"2016-08-07T19:21:29.477Z"}
{"level":"debug","message":"  JsonWebTokenError: jwt must be provided Unauthorized Request undefined","timestamp":"2016-08-07T19:21:29.646Z"}
{"level":"debug","message":"  JsonWebTokenError: jwt must be provided Unauthorized Request undefined","timestamp":"2016-08-07T19:21:29.837Z"}
{"level":"debug","message":"  JsonWebTokenError: jwt must be provided Unauthorized Request undefined","timestamp":"2016-08-07T19:21:30.015Z"}
{"level":"debug","message":"  JsonWebTokenError: jwt must be provided Unauthorized Request undefined","timestamp":"2016-08-07T19:21:30.209Z"}
{"level":"debug","message":"  JsonWebTokenError: jwt must be provided Unauthorized Request undefined","timestamp":"2016-08-07T19:21:30.421Z"}
{"level":"debug","message":"  JsonWebTokenError: jwt must be provided Unauthorized Request undefined","timestamp":"2016-08-07T19:21:30.603Z"}
{"level":"debug","message":"  JsonWebTokenError: jwt must be provided Unauthorized Request undefined","timestamp":"2016-08-07T19:21:30.795Z"}
{"level":"debug","message":"  JsonWebTokenError: jwt must be provided Unauthorized Request undefined","timestamp":"2016-08-07T19:21:30.990Z"}
{"level":"debug","message":"  JsonWebTokenError: jwt must be provided Unauthorized Request undefined","timestamp":"2016-08-07T19:21:31.180Z"}
{"level":"debug","message":"  JsonWebTokenError: jwt must be provided Unauthorized Request undefined","timestamp":"2016-08-07T19:21:33.312Z"}
{"level":"debug","message":"  JsonWebTokenError: jwt must be provided Unauthorized Request undefined","timestamp":"2016-08-07T19:21:34.260Z"}
{"level":"debug","message":"  JsonWebTokenError: jwt must be provided Unauthorized Request undefined","timestamp":"2016-08-07T19:21:34.467Z"}
{"level":"debug","message":"  JsonWebTokenError: jwt must be provided Unauthorized Request undefined","timestamp":"2016-08-07T19:21:34.669Z"}
{"level":"debug","message":"  DB Ready","timestamp":"2016-08-07T19:22:36.902Z"}
{"level":"debug","message":"  User with GSM undefined registration code : 118348","timestamp":"2016-08-07T19:22:43.767Z"}
{"date":"Sun Aug 07 2016 22:22:43 GMT+0300 (Turkey Daylight Time)","process":{"pid":12624,"uid":null,"gid":null,"cwd":"D:\\Arşiv\\Projects\\AppyTasteNewG\\AppyTasteNewG","execPath":"C:\\Program Files (x86)\\nodejs\\node.exe","version":"v0.12.2","argv":["C:\\Program Files (x86)\\nodejs\\node.exe","D:\\Arşiv\\Projects\\AppyTasteNewG\\AppyTasteNewG\\app.js"],"memoryUsage":{"rss":76857344,"heapTotal":55558656,"heapUsed":36125140}},"os":{"loadavg":[0,0,0],"uptime":89951.3022099},"trace":[{"column":57,"file":"D:\\Arşiv\\Projects\\AppyTasteNewG\\AppyTasteNewG\\bus\\registration.js","function":null,"line":61,"method":null,"native":false},{"column":5,"file":"D:\\Arşiv\\Projects\\AppyTasteNewG\\AppyTasteNewG\\util\\smssender.js","function":"Object.sendSMSMessage","line":5,"method":"sendSMSMessage","native":false},{"column":27,"file":"D:\\Arşiv\\Projects\\AppyTasteNewG\\AppyTasteNewG\\bus\\registration.js","function":null,"line":60,"method":null,"native":false},{"column":13,"file":"D:\\Arşiv\\Projects\\AppyTasteNewG\\AppyTasteNewG\\dal\\user\\dalUser.js","function":null,"line":24,"method":null,"native":false},{"column":12,"file":"D:\\Arşiv\\Projects\\AppyTasteNewG\\AppyTasteNewG\\node_modules\\mongodb\\lib\\utils.js","function":"handleCallback","line":96,"method":null,"native":false},{"column":5,"file":"D:\\Arşiv\\Projects\\AppyTasteNewG\\AppyTasteNewG\\node_modules\\mongodb\\lib\\collection.js","function":"Object.cb","line":1017,"method":"cb","native":false},{"column":18,"file":"D:\\Arşiv\\Projects\\AppyTasteNewG\\AppyTasteNewG\\node_modules\\mongodb\\node_modules\\mongodb-core\\lib\\connection\\pool.js","function":null,"line":443,"method":null,"native":false},{"column":16,"file":"D:\\Arşiv\\Projects\\AppyTasteNewG\\AppyTasteNewG\\node_modules\\mongodb\\node_modules\\mongodb-core\\lib\\connection\\pool.js","function":"authenticateStragglers","line":399,"method":null,"native":false},{"column":5,"file":"D:\\Arşiv\\Projects\\AppyTasteNewG\\AppyTasteNewG\\node_modules\\mongodb\\node_modules\\mongodb-core\\lib\\connection\\pool.js","function":"Pool.socketCount [as messageHandler]","line":421,"method":"socketCount [as messageHandler]","native":false},{"column":22,"file":"D:\\Arşiv\\Projects\\AppyTasteNewG\\AppyTasteNewG\\node_modules\\mongodb\\node_modules\\mongodb-core\\lib\\connection\\connection.js","function":"Socket.dataHandler","line":294,"method":"dataHandler","native":false}],"stack":["ReferenceError: token is not defined","    at D:\\Arşiv\\Projects\\AppyTasteNewG\\AppyTasteNewG\\bus\\registration.js:61:57","    at Object.sendSMSMessage (D:\\Arşiv\\Projects\\AppyTasteNewG\\AppyTasteNewG\\util\\smssender.js:5:5)","    at D:\\Arşiv\\Projects\\AppyTasteNewG\\AppyTasteNewG\\bus\\registration.js:60:27","    at D:\\Arşiv\\Projects\\AppyTasteNewG\\AppyTasteNewG\\dal\\user\\dalUser.js:24:13","    at handleCallback (D:\\Arşiv\\Projects\\AppyTasteNewG\\AppyTasteNewG\\node_modules\\mongodb\\lib\\utils.js:96:12)","    at Object.cb (D:\\Arşiv\\Projects\\AppyTasteNewG\\AppyTasteNewG\\node_modules\\mongodb\\lib\\collection.js:1017:5)","    at D:\\Arşiv\\Projects\\AppyTasteNewG\\AppyTasteNewG\\node_modules\\mongodb\\node_modules\\mongodb-core\\lib\\connection\\pool.js:443:18","    at authenticateStragglers (D:\\Arşiv\\Projects\\AppyTasteNewG\\AppyTasteNewG\\node_modules\\mongodb\\node_modules\\mongodb-core\\lib\\connection\\pool.js:399:16)","    at Pool.socketCount [as messageHandler] (D:\\Arşiv\\Projects\\AppyTasteNewG\\AppyTasteNewG\\node_modules\\mongodb\\node_modules\\mongodb-core\\lib\\connection\\pool.js:421:5)","    at Socket.dataHandler (D:\\Arşiv\\Projects\\AppyTasteNewG\\AppyTasteNewG\\node_modules\\mongodb\\node_modules\\mongodb-core\\lib\\connection\\connection.js:294:22)"],"level":"error","message":"uncaughtException: token is not defined","timestamp":"2016-08-07T19:22:43.792Z"}
{"level":"error","message":"  ReferenceError: token is not defined\n    at D:\\Arşiv\\Projects\\AppyTasteNewG\\AppyTasteNewG\\bus\\registration.js:61:57\n    at Object.sendSMSMessage (D:\\Arşiv\\Projects\\AppyTasteNewG\\AppyTasteNewG\\util\\smssender.js:5:5)\n    at D:\\Arşiv\\Projects\\AppyTasteNewG\\AppyTasteNewG\\bus\\registration.js:60:27\n    at D:\\Arşiv\\Projects\\AppyTasteNewG\\AppyTasteNewG\\dal\\user\\dalUser.js:24:13\n    at handleCallback (D:\\Arşiv\\Projects\\AppyTasteNewG\\AppyTasteNewG\\node_modules\\mongodb\\lib\\utils.js:96:12)\n    at Object.cb (D:\\Arşiv\\Projects\\AppyTasteNewG\\AppyTasteNewG\\node_modules\\mongodb\\lib\\collection.js:1017:5)\n    at D:\\Arşiv\\Projects\\AppyTasteNewG\\AppyTasteNewG\\node_modules\\mongodb\\node_modules\\mongodb-core\\lib\\connection\\pool.js:443:18\n    at authenticateStragglers (D:\\Arşiv\\Projects\\AppyTasteNewG\\AppyTasteNewG\\node_modules\\mongodb\\node_modules\\mongodb-core\\lib\\connection\\pool.js:399:16)\n    at Pool.socketCount [as messageHandler] (D:\\Arşiv\\Projects\\AppyTasteNewG\\AppyTasteNewG\\node_modules\\mongodb\\node_modules\\mongodb-core\\lib\\connection\\pool.js:421:5)\n    at Socket.dataHandler (D:\\Arşiv\\Projects\\AppyTasteNewG\\AppyTasteNewG\\node_modules\\mongodb\\node_modules\\mongodb-core\\lib\\connection\\connection.js:294:22)","timestamp":"2016-08-07T19:22:43.793Z"}
{"level":"debug","message":"  DB Ready","timestamp":"2016-08-07T19:53:35.343Z"}
{"level":"debug","message":"  DB Ready","timestamp":"2016-08-07T19:54:19.980Z"}
{"level":"debug","message":"  DB Ready","timestamp":"2016-08-07T19:55:23.988Z"}
{"level":"debug","message":"  DB Ready","timestamp":"2016-08-07T19:59:48.193Z"}
{"level":"debug","message":"  DB Ready","timestamp":"2016-08-07T20:02:32.549Z"}
{"level":"debug","message":"  DB Ready","timestamp":"2016-08-07T20:06:45.415Z"}
{"level":"debug","message":"  DB Ready","timestamp":"2016-08-07T20:08:48.867Z"}
{"date":"Sun Aug 07 2016 23:14:48 GMT+0300 (Turkey Daylight Time)","process":{"pid":14048,"uid":null,"gid":null,"cwd":"D:\\Arşiv\\Projects\\AppyTasteNewG\\AppyTasteNewG","execPath":"C:\\Program Files (x86)\\nodejs\\node.exe","version":"v0.12.2","argv":["C:\\Program Files (x86)\\nodejs\\node.exe","D:\\Arşiv\\Projects\\AppyTasteNewG\\AppyTasteNewG\\app.js"],"memoryUsage":{"rss":58703872,"heapTotal":38328576,"heapUsed":22332472}},"os":{"loadavg":[0,0,0],"uptime":93076.4538013},"trace":[{"column":5,"file":"D:\\Arşiv\\Projects\\AppyTasteNewG\\AppyTasteNewG\\app.js","function":"","line":25,"method":null,"native":false},{"column":26,"file":"module.js","function":"Module._compile","line":460,"method":"_compile","native":false},{"column":10,"file":"module.js","function":"Object.Module._extensions..js","line":478,"method":"Module._extensions..js","native":false},{"column":32,"file":"module.js","function":"Module.load","line":355,"method":"load","native":false},{"column":12,"file":"module.js","function":"Function.Module._load","line":310,"method":"Module._load","native":false},{"column":10,"file":"module.js","function":"Module.runMain [as _onTimeout]","line":501,"method":"runMain [as _onTimeout]","native":false},{"column":15,"file":"timers.js","function":"Timer.listOnTimeout","line":110,"method":"listOnTimeout","native":false}],"stack":["TypeError: undefined is not a function","    at Object.<anonymous> (D:\\Arşiv\\Projects\\AppyTasteNewG\\AppyTasteNewG\\app.js:25:5)","    at Module._compile (module.js:460:26)","    at Object.Module._extensions..js (module.js:478:10)","    at Module.load (module.js:355:32)","    at Function.Module._load (module.js:310:12)","    at Module.runMain [as _onTimeout] (module.js:501:10)","    at Timer.listOnTimeout (timers.js:110:15)"],"level":"error","message":"uncaughtException: undefined is not a function","timestamp":"2016-08-07T20:14:48.945Z"}
{"date":"Sun Aug 07 2016 23:15:25 GMT+0300 (Turkey Daylight Time)","process":{"pid":12260,"uid":null,"gid":null,"cwd":"D:\\Arşiv\\Projects\\AppyTasteNewG\\AppyTasteNewG","execPath":"C:\\Program Files (x86)\\nodejs\\node.exe","version":"v0.12.2","argv":["C:\\Program Files (x86)\\nodejs\\node.exe","D:\\Arşiv\\Projects\\AppyTasteNewG\\AppyTasteNewG\\app.js"],"memoryUsage":{"rss":59224064,"heapTotal":38340736,"heapUsed":19109104}},"os":{"loadavg":[0,0,0],"uptime":93113.3905658},"trace":[{"column":13,"file":"D:\\Arşiv\\Projects\\AppyTasteNewG\\AppyTasteNewG\\node_modules\\express\\lib\\application.js","function":"EventEmitter.app.defaultConfiguration.Object.defineProperty.get","line":123,"method":"app.defaultConfiguration.Object.defineProperty.get","native":false},{"column":16,"file":"D:\\Arşiv\\Projects\\AppyTasteNewG\\AppyTasteNewG\\app.js","function":"","line":26,"method":null,"native":false},{"column":26,"file":"module.js","function":"Module._compile","line":460,"method":"_compile","native":false},{"column":10,"file":"module.js","function":"Object.Module._extensions..js","line":478,"method":"Module._extensions..js","native":false},{"column":32,"file":"module.js","function":"Module.load","line":355,"method":"load","native":false},{"column":12,"file":"module.js","function":"Function.Module._load","line":310,"method":"Module._load","native":false},{"column":10,"file":"module.js","function":"Module.runMain [as _onTimeout]","line":501,"method":"runMain [as _onTimeout]","native":false},{"column":15,"file":"timers.js","function":"Timer.listOnTimeout","line":110,"method":"listOnTimeout","native":false}],"stack":["Error: 'app.router' is deprecated!","Please see the 3.x to 4.x migration guide for details on how to update your app.","    at EventEmitter.app.defaultConfiguration.Object.defineProperty.get (D:\\Arşiv\\Projects\\AppyTasteNewG\\AppyTasteNewG\\node_modules\\express\\lib\\application.js:123:13)","    at Object.<anonymous> (D:\\Arşiv\\Projects\\AppyTasteNewG\\AppyTasteNewG\\app.js:26:16)","    at Module._compile (module.js:460:26)","    at Object.Module._extensions..js (module.js:478:10)","    at Module.load (module.js:355:32)","    at Function.Module._load (module.js:310:12)","    at Module.runMain [as _onTimeout] (module.js:501:10)","    at Timer.listOnTimeout (timers.js:110:15)"],"level":"error","message":"uncaughtException: 'app.router' is deprecated!\nPlease see the 3.x to 4.x migration guide for details on how to update your app.","timestamp":"2016-08-07T20:15:25.882Z"}
{"level":"debug","message":"  DB Ready","timestamp":"2016-08-07T20:20:35.814Z"}
{"level":"debug","message":"  DB Ready","timestamp":"2016-08-07T20:23:28.375Z"}
{"level":"debug","message":"  DB Ready","timestamp":"2016-08-07T20:23:55.334Z"}
{"level":"debug","message":"  DB Ready","timestamp":"2016-08-07T20:35:08.768Z"}
{"url":"/","level":"debug","message":"  request Log ==> /","timestamp":"2016-08-07T20:35:47.582Z"}
{"level":"debug","message":"  DB Ready","timestamp":"2016-08-07T20:35:48.347Z"}
{"url":"/","level":"debug","message":"  APP_REQUEST ","timestamp":"2016-08-07T20:49:29.208Z"}
{"level":"debug","message":"  DB Ready","timestamp":"2016-08-07T20:49:29.583Z"}
{"url":"/","level":"debug","message":"  APP_REQUEST ","timestamp":"2016-08-07T20:49:32.596Z"}
{"url":"/","level":"debug","message":"  APP_REQUEST ","timestamp":"2016-08-07T20:49:33.054Z"}
{"url":"/","method":"POST","level":"debug","message":"  APP_REQUEST ","timestamp":"2016-08-07T20:51:16.181Z"}
{"url":"/","method":"POST","params":{"0":"/sadasd"},"level":"debug","message":"  APP_REQUEST ","timestamp":"2016-08-07T20:52:13.040Z"}
{"url":"/","method":"POST","params":{"0":"/sadasd"},"level":"debug","message":"  APP_REQUEST ","timestamp":"2016-08-07T20:52:15.625Z"}
{"url":"/","method":"POST","params":{"0":"/sadasd"},"level":"debug","message":"  APP_REQUEST ","timestamp":"2016-08-07T20:52:17.646Z"}
{"url":"/","method":"POST","params":{"0":"/sadasd"},"level":"debug","message":"  APP_REQUEST ","timestamp":"2016-08-07T20:52:18.964Z"}
{"url":"/","method":"POST","params":{"0":"/sadasd"},"level":"debug","message":"  APP_REQUEST ","timestamp":"2016-08-07T20:52:19.692Z"}
{"url":"/","method":"POST","params":{"0":"/sadasd"},"level":"debug","message":"  APP_REQUEST ","timestamp":"2016-08-07T20:52:22.522Z"}
{"url":"/","method":"POST","params":{"0":"/sadasd"},"body":{},"level":"debug","message":"  APP_REQUEST ","timestamp":"2016-08-07T20:53:11.610Z"}
{"url":"/","method":"POST","params":{"0":"/sadasd"},"body":{},"level":"debug","message":"  APP_REQUEST ","timestamp":"2016-08-07T20:53:15.544Z"}
{"url":"/","method":"GET","params":{"0":"/"},"body":{},"level":"debug","message":"  APP_REQUEST ","timestamp":"2016-08-07T20:53:59.609Z"}
{"level":"debug","message":"  DB Ready","timestamp":"2016-08-07T20:54:00.696Z"}
{"url":"/","method":"GET","params":{"0":"/"},"level":"debug","message":"  APP_REQUEST ","timestamp":"2016-08-07T20:56:39.460Z"}
{"level":"debug","message":"  DB Ready","timestamp":"2016-08-07T20:56:39.768Z"}
{"url":"/","method":"GET","params":{"0":"/"},"level":"debug","message":"  APP_REQUEST ","timestamp":"2016-08-07T20:56:48.116Z"}
{"url":"/","method":"GET","params":{"0":"/"},"level":"debug","message":"  APP_REQUEST ","timestamp":"2016-08-07T20:56:48.330Z"}
{"url":"/","method":"GET","params":{"0":"/sadasd"},"level":"debug","message":"  APP_REQUEST ","timestamp":"2016-08-07T20:58:27.092Z"}
{"url":"/","method":"GET","params":{"0":"/sa"},"level":"debug","message":"  APP_REQUEST ","timestamp":"2016-08-07T20:58:33.900Z"}
{"url":"/?sdf=sdf","method":"GET","params":{"0":"/as"},"level":"debug","message":"  APP_REQUEST ","timestamp":"2016-08-07T20:58:39.963Z"}
{"url":"/?sdf=sdf222","method":"GET","params":{"0":"/as"},"level":"debug","message":"  APP_REQUEST ","timestamp":"2016-08-07T20:58:48.314Z"}
{"url":"/","method":"POST","params":{"0":"/as"},"level":"debug","message":"  APP_REQUEST ","timestamp":"2016-08-07T20:58:59.286Z"}
{"url":"/","method":"POST","params":{"0":"/as"},"query":{},"level":"debug","message":"  APP_REQUEST ","timestamp":"2016-08-07T20:59:21.776Z"}
{"url":"/","method":"POST","params":{"0":"/as"},"query":{},"level":"debug","message":"  APP_REQUEST ","timestamp":"2016-08-07T20:59:22.654Z"}
{"url":"/","method":"POST","params":{"0":"/as"},"query":{},"level":"debug","message":"  APP_REQUEST ","timestamp":"2016-08-07T20:59:24.085Z"}
{"url":"/?qqq=sdf222","method":"GET","params":{"0":"/as"},"query":{"qqq":"sdf222"},"level":"debug","message":"  APP_REQUEST ","timestamp":"2016-08-07T20:59:52.516Z"}
{"url":"/","method":"POST","params":{"0":"/as"},"query":{},"body":{"qqq":"sdf222"},"level":"debug","message":"  APP_REQUEST ","timestamp":"2016-08-07T21:00:52.393Z"}
{"url":"/","method":"POST","params":{"0":"/as"},"query":{},"body":{"qqq":"sdf222"},"level":"debug","message":"  APP_REQUEST ","timestamp":"2016-08-07T21:00:56.420Z"}
{"url":"/","method":"POST","params":{"0":"/as"},"query":{},"body":{"qqq":"sdf222"},"level":"debug","message":"  APP_REQUEST ","timestamp":"2016-08-07T21:01:13.520Z"}
{"url":"/","method":"POST","params":{"0":"/as"},"query":{},"body":{"qqq":"sdf222"},"level":"debug","message":"  APP_REQUEST ","timestamp":"2016-08-07T21:02:41.091Z"}
{"url":"/?qqq=sdf222","method":"GET","params":{"0":"/as"},"query":{"qqq":"sdf222"},"body":{},"level":"debug","message":"  APP_REQUEST ","timestamp":"2016-08-07T21:02:49.313Z"}
{"url":"/?qqq=sdf222","method":"POST","params":{"0":"/as"},"query":{"qqq":"sdf222"},"body":{"id":"115"},"level":"debug","message":"  APP_REQUEST ","timestamp":"2016-08-07T21:03:17.859Z"}
{"url":"/?qqq=sdf222","method":"POST","params":{"0":"/as"},"query":{"qqq":"sdf222"},"body":{"id":"115"},"level":"debug","message":"  APP_REQUEST ","timestamp":"2016-08-07T21:03:21.367Z"}
{"url":"/","method":"GET","params":{"0":"/"},"query":{},"body":{},"ip":"::1","level":"debug","message":"  APP_REQUEST ","timestamp":"2016-08-07T21:05:36.903Z"}
{"level":"debug","message":"  DB Ready","timestamp":"2016-08-07T21:05:37.056Z"}
{"url":"/?qqq=sdf222","method":"POST","params":{"0":"/as"},"query":{"qqq":"sdf222"},"body":{"id":"115"},"ip":"::ffff:127.0.0.1","level":"debug","message":"  APP_REQUEST ","timestamp":"2016-08-07T21:05:39.024Z"}
{"url":"/?qqq=sdf222","method":"POST","params":{"0":"/as"},"query":{"qqq":"sdf222"},"body":{"id":"115"},"ip":"::ffff:127.0.0.1","level":"debug","message":"  APP_REQUEST ","timestamp":"2016-08-07T21:05:39.313Z"}
{"url":"/?qqq=sdf222","method":"POST","params":{"0":"/as"},"query":{"qqq":"sdf222"},"body":{"id":"115"},"ip":"::ffff:127.0.0.1","level":"debug","message":"  APP_REQUEST ","timestamp":"2016-08-07T21:05:39.511Z"}
{"url":"/?qqq=sdf222","method":"POST","params":{"0":"/as"},"query":{"qqq":"sdf222"},"body":{"id":"115"},"ip":"::ffff:127.0.0.1","level":"debug","message":"  APP_REQUEST ","timestamp":"2016-08-07T21:05:40.418Z"}
{"url":"/?qqq=sdf222","method":"POST","params":{"0":"/as"},"query":{"qqq":"sdf222"},"body":{"id":"115"},"ip":"::ffff:127.0.0.1","level":"debug","message":"  APP_REQUEST ","timestamp":"2016-08-07T21:05:40.605Z"}
{"url":"/?qqq=sdf222","method":"POST","params":{"0":"/as"},"query":{"qqq":"sdf222"},"body":{"id":"115"},"ip":"::ffff:127.0.0.1","level":"debug","message":"  APP_REQUEST ","timestamp":"2016-08-07T21:05:40.772Z"}
{"url":"/?qqq=sdf222","method":"POST","params":{"0":"/as"},"query":{"qqq":"sdf222"},"body":{"id":"115"},"ip":"::ffff:127.0.0.1","level":"debug","message":"  APP_REQUEST ","timestamp":"2016-08-07T21:06:32.510Z"}
{"url":"/?qqq=sdf222","method":"POST","params":{"0":"/as"},"query":{"qqq":"sdf222"},"body":{"id":"115"},"ip":"::ffff:127.0.0.1","level":"debug","message":"  APP_REQUEST ","timestamp":"2016-08-07T21:06:34.707Z"}
{"url":"/?qqq=sdf222","method":"POST","params":{"0":"/as"},"query":{"qqq":"sdf222"},"body":{"id":"115"},"ip":"::ffff:127.0.0.1","level":"debug","message":"  APP_REQUEST ","timestamp":"2016-08-07T21:06:36.213Z"}
{"url":"/?qqq=sdf222","method":"POST","params":{"0":"/as"},"query":{"qqq":"sdf222"},"body":{"id":"115"},"ip":"::ffff:127.0.0.1","level":"debug","message":"  APP_REQUEST ","timestamp":"2016-08-07T21:06:37.738Z"}
{"url":"/?qqq=sdf222","method":"POST","params":{"0":"/as"},"query":{"qqq":"sdf222"},"body":{"id":"115"},"ip":"::ffff:127.0.0.1","level":"debug","message":"  APP_REQUEST ","timestamp":"2016-08-07T21:06:39.380Z"}
{"url":"/?qqq=sdf222","method":"POST","params":{"0":"/as"},"query":{"qqq":"sdf222"},"body":{"id":"115"},"ip":"::ffff:127.0.0.1","level":"debug","message":"  APP_REQUEST ","timestamp":"2016-08-07T21:06:39.601Z"}
{"url":"/?qqq=sdf222","method":"POST","params":{"0":"/as"},"query":{"qqq":"sdf222"},"body":{"id":"115"},"ip":"::ffff:127.0.0.1","level":"debug","message":"  APP_REQUEST ","timestamp":"2016-08-07T21:06:39.779Z"}
{"url":"/?qqq=sdf222","method":"POST","params":{"0":"/as"},"query":{"qqq":"sdf222"},"body":{"id":"115"},"ip":"::ffff:127.0.0.1","level":"debug","message":"  APP_REQUEST ","timestamp":"2016-08-07T21:06:39.945Z"}
